<?xml version="1.0" encoding="UTF-8"?>
<!-- Generated by org.testng.reporters.JUnitXMLReporter -->
<testsuite hostname="DESKTOP-7DBVP2N" failures="0" tests="2" name="Default test" time="34.814" errors="0" timestamp="8 Jun 2019 10:16:39 GMT">
  <testcase classname="com.NewTourAssignment2019.Test.NTRegistrationTest" name="registerWithInValidData" time="7.167"/>
  <testcase classname="com.NewTourAssignment2019.Test.NTRegistrationTest" name="registerWithValidData" time="6.597"/>
</testsuite> <!-- Default test -->
