<?xml version="1.0" encoding="UTF-8"?>
<!-- Generated by org.testng.reporters.JUnitXMLReporter -->
<testsuite hostname="DESKTOP-7DBVP2N" failures="0" tests="2" name="RegistrationTest" time="35.667" errors="0" timestamp="8 Jun 2019 10:32:26 GMT">
  <testcase classname="com.NewTourAssignment2019.Test.NTRegistrationTest" name="registerWithInValidData" time="7.545"/>
  <testcase classname="com.NewTourAssignment2019.Test.NTRegistrationTest" name="registerWithValidData" time="7.563"/>
</testsuite> <!-- RegistrationTest -->
